c:\users\cobos\onedrive\documents\github\cecs275\unscramble\unscramble\debug\vc141.pdb
c:\users\cobos\onedrive\documents\github\cecs275\unscramble\unscramble\debug\vc141.idb
c:\users\cobos\onedrive\documents\github\cecs275\unscramble\unscramble\debug\main.obj
c:\users\cobos\onedrive\documents\github\cecs275\unscramble\unscramble\debug\dictionary.obj
c:\users\cobos\onedrive\documents\github\cecs275\unscramble\debug\unscramble.pdb
c:\users\cobos\onedrive\documents\github\cecs275\unscramble\unscramble\debug\unscramble.tlog\cl.command.1.tlog
c:\users\cobos\onedrive\documents\github\cecs275\unscramble\unscramble\debug\unscramble.tlog\cl.read.1.tlog
c:\users\cobos\onedrive\documents\github\cecs275\unscramble\unscramble\debug\unscramble.tlog\cl.write.1.tlog
c:\users\cobos\onedrive\documents\github\cecs275\unscramble\unscramble\debug\unscramble.tlog\link-cvtres.read.1.tlog
c:\users\cobos\onedrive\documents\github\cecs275\unscramble\unscramble\debug\unscramble.tlog\link-cvtres.write.1.tlog
c:\users\cobos\onedrive\documents\github\cecs275\unscramble\unscramble\debug\unscramble.tlog\link-rc.read.1.tlog
c:\users\cobos\onedrive\documents\github\cecs275\unscramble\unscramble\debug\unscramble.tlog\link-rc.write.1.tlog
c:\users\cobos\onedrive\documents\github\cecs275\unscramble\unscramble\debug\unscramble.tlog\link.11280-cvtres.read.1.tlog
c:\users\cobos\onedrive\documents\github\cecs275\unscramble\unscramble\debug\unscramble.tlog\link.11280-cvtres.write.1.tlog
c:\users\cobos\onedrive\documents\github\cecs275\unscramble\unscramble\debug\unscramble.tlog\link.11280-rc.read.1.tlog
c:\users\cobos\onedrive\documents\github\cecs275\unscramble\unscramble\debug\unscramble.tlog\link.11280-rc.write.1.tlog
c:\users\cobos\onedrive\documents\github\cecs275\unscramble\unscramble\debug\unscramble.tlog\link.11280.read.1.tlog
c:\users\cobos\onedrive\documents\github\cecs275\unscramble\unscramble\debug\unscramble.tlog\link.11280.write.1.tlog
c:\users\cobos\onedrive\documents\github\cecs275\unscramble\unscramble\debug\unscramble.tlog\link.command.1.tlog
c:\users\cobos\onedrive\documents\github\cecs275\unscramble\unscramble\debug\unscramble.tlog\link.read.1.tlog
c:\users\cobos\onedrive\documents\github\cecs275\unscramble\unscramble\debug\unscramble.tlog\link.write.1.tlog
